98.09.10 19:54 B Z:\cocomoII\Cocomo Online Help\Usermanual\Figures\fig1-1.jpg --> sunset.usc.edu /auto/cse06/COCOMOII.1998.0/doc/Usermanual/Figures fig1-1.jpg
98.09.10 19:54 B Z:\cocomoII\Cocomo Online Help\Usermanual\Figures\fig1-10.jpg --> sunset.usc.edu /auto/cse06/COCOMOII.1998.0/doc/Usermanual/Figures fig1-10.jpg
98.09.10 19:54 B Z:\cocomoII\Cocomo Online Help\Usermanual\Figures\fig1-11.jpg --> sunset.usc.edu /auto/cse06/COCOMOII.1998.0/doc/Usermanual/Figures fig1-11.jpg
98.09.10 19:54 B Z:\cocomoII\Cocomo Online Help\Usermanual\Figures\fig1-12.jpg --> sunset.usc.edu /auto/cse06/COCOMOII.1998.0/doc/Usermanual/Figures fig1-12.jpg
98.09.10 19:54 B Z:\cocomoII\Cocomo Online Help\Usermanual\Figures\fig1-2.jpg --> sunset.usc.edu /auto/cse06/COCOMOII.1998.0/doc/Usermanual/Figures fig1-2.jpg
98.09.10 19:54 B Z:\cocomoII\Cocomo Online Help\Usermanual\Figures\fig1-3.jpg --> sunset.usc.edu /auto/cse06/COCOMOII.1998.0/doc/Usermanual/Figures fig1-3.jpg
98.09.10 19:54 B Z:\cocomoII\Cocomo Online Help\Usermanual\Figures\fig1-3b.bmp --> sunset.usc.edu /auto/cse06/COCOMOII.1998.0/doc/Usermanual/Figures fig1-3b.bmp
98.09.10 19:54 B Z:\cocomoII\Cocomo Online Help\Usermanual\Figures\fig1-3b.jpg --> sunset.usc.edu /auto/cse06/COCOMOII.1998.0/doc/Usermanual/Figures fig1-3b.jpg
98.09.10 19:54 B Z:\cocomoII\Cocomo Online Help\Usermanual\Figures\fig1-4.jpg --> sunset.usc.edu /auto/cse06/COCOMOII.1998.0/doc/Usermanual/Figures fig1-4.jpg
98.09.10 19:54 B Z:\cocomoII\Cocomo Online Help\Usermanual\Figures\fig1-5.jpg --> sunset.usc.edu /auto/cse06/COCOMOII.1998.0/doc/Usermanual/Figures fig1-5.jpg
98.09.10 19:54 B Z:\cocomoII\Cocomo Online Help\Usermanual\Figures\fig1-6.jpg --> sunset.usc.edu /auto/cse06/COCOMOII.1998.0/doc/Usermanual/Figures fig1-6.jpg
98.09.10 19:54 B Z:\cocomoII\Cocomo Online Help\Usermanual\Figures\fig1-7.jpg --> sunset.usc.edu /auto/cse06/COCOMOII.1998.0/doc/Usermanual/Figures fig1-7.jpg
98.09.10 19:54 B Z:\cocomoII\Cocomo Online Help\Usermanual\Figures\fig1-8.jpg --> sunset.usc.edu /auto/cse06/COCOMOII.1998.0/doc/Usermanual/Figures fig1-8.jpg
98.09.10 19:54 B Z:\cocomoII\Cocomo Online Help\Usermanual\Figures\fig1-9.jpg --> sunset.usc.edu /auto/cse06/COCOMOII.1998.0/doc/Usermanual/Figures fig1-9.jpg
98.09.10 19:54 B Z:\cocomoII\Cocomo Online Help\Usermanual\Figures\fig2-1.jpg --> sunset.usc.edu /auto/cse06/COCOMOII.1998.0/doc/Usermanual/Figures fig2-1.jpg
98.09.10 19:54 B Z:\cocomoII\Cocomo Online Help\Usermanual\Figures\fig2-10.jpg --> sunset.usc.edu /auto/cse06/COCOMOII.1998.0/doc/Usermanual/Figures fig2-10.jpg
98.09.10 19:54 B Z:\cocomoII\Cocomo Online Help\Usermanual\Figures\fig2-11.jpg --> sunset.usc.edu /auto/cse06/COCOMOII.1998.0/doc/Usermanual/Figures fig2-11.jpg
98.09.10 19:54 B Z:\cocomoII\Cocomo Online Help\Usermanual\Figures\fig2-12.jpg --> sunset.usc.edu /auto/cse06/COCOMOII.1998.0/doc/Usermanual/Figures fig2-12.jpg
98.09.10 19:54 B Z:\cocomoII\Cocomo Online Help\Usermanual\Figures\fig2-13.jpg --> sunset.usc.edu /auto/cse06/COCOMOII.1998.0/doc/Usermanual/Figures fig2-13.jpg
98.09.10 19:54 B Z:\cocomoII\Cocomo Online Help\Usermanual\Figures\fig2-14.jpg --> sunset.usc.edu /auto/cse06/COCOMOII.1998.0/doc/Usermanual/Figures fig2-14.jpg
98.09.10 19:54 B Z:\cocomoII\Cocomo Online Help\Usermanual\Figures\fig2-15.jpg --> sunset.usc.edu /auto/cse06/COCOMOII.1998.0/doc/Usermanual/Figures fig2-15.jpg
98.09.10 19:54 B Z:\cocomoII\Cocomo Online Help\Usermanual\Figures\fig2-16.jpg --> sunset.usc.edu /auto/cse06/COCOMOII.1998.0/doc/Usermanual/Figures fig2-16.jpg
98.09.10 19:54 B Z:\cocomoII\Cocomo Online Help\Usermanual\Figures\fig2-17.jpg --> sunset.usc.edu /auto/cse06/COCOMOII.1998.0/doc/Usermanual/Figures fig2-17.jpg
98.09.10 19:54 B Z:\cocomoII\Cocomo Online Help\Usermanual\Figures\fig2-2.jpg --> sunset.usc.edu /auto/cse06/COCOMOII.1998.0/doc/Usermanual/Figures fig2-2.jpg
98.09.10 19:54 B Z:\cocomoII\Cocomo Online Help\Usermanual\Figures\fig2-3.jpg --> sunset.usc.edu /auto/cse06/COCOMOII.1998.0/doc/Usermanual/Figures fig2-3.jpg
98.09.10 19:54 B Z:\cocomoII\Cocomo Online Help\Usermanual\Figures\fig2-4.jpg --> sunset.usc.edu /auto/cse06/COCOMOII.1998.0/doc/Usermanual/Figures fig2-4.jpg
98.09.10 19:54 B Z:\cocomoII\Cocomo Online Help\Usermanual\Figures\fig2-5.jpg --> sunset.usc.edu /auto/cse06/COCOMOII.1998.0/doc/Usermanual/Figures fig2-5.jpg
98.09.10 19:54 B Z:\cocomoII\Cocomo Online Help\Usermanual\Figures\fig2-6.jpg --> sunset.usc.edu /auto/cse06/COCOMOII.1998.0/doc/Usermanual/Figures fig2-6.jpg
98.09.10 19:54 B Z:\cocomoII\Cocomo Online Help\Usermanual\Figures\fig2-7.jpg --> sunset.usc.edu /auto/cse06/COCOMOII.1998.0/doc/Usermanual/Figures fig2-7.jpg
98.09.10 19:54 B Z:\cocomoII\Cocomo Online Help\Usermanual\Figures\fig2-8.jpg --> sunset.usc.edu /auto/cse06/COCOMOII.1998.0/doc/Usermanual/Figures fig2-8.jpg
98.09.10 19:54 B Z:\cocomoII\Cocomo Online Help\Usermanual\Figures\fig2-9.jpg --> sunset.usc.edu /auto/cse06/COCOMOII.1998.0/doc/Usermanual/Figures fig2-9.jpg
98.09.10 19:54 B Z:\cocomoII\Cocomo Online Help\Usermanual\Figures\fig3-1.jpg --> sunset.usc.edu /auto/cse06/COCOMOII.1998.0/doc/Usermanual/Figures fig3-1.jpg
98.09.10 19:54 B Z:\cocomoII\Cocomo Online Help\Usermanual\Figures\fig3-2.jpg --> sunset.usc.edu /auto/cse06/COCOMOII.1998.0/doc/Usermanual/Figures fig3-2.jpg
98.09.10 19:54 B Z:\cocomoII\Cocomo Online Help\Usermanual\Figures\fig3-3.jpg --> sunset.usc.edu /auto/cse06/COCOMOII.1998.0/doc/Usermanual/Figures fig3-3.jpg
98.09.10 19:54 B Z:\cocomoII\Cocomo Online Help\Usermanual\Figures\fig3-4.jpg --> sunset.usc.edu /auto/cse06/COCOMOII.1998.0/doc/Usermanual/Figures fig3-4.jpg
98.09.10 19:54 B Z:\cocomoII\Cocomo Online Help\Usermanual\Figures\fig4-1.jpg --> sunset.usc.edu /auto/cse06/COCOMOII.1998.0/doc/Usermanual/Figures fig4-1.jpg
98.09.10 19:54 B Z:\cocomoII\Cocomo Online Help\Usermanual\Figures\fig4-2.jpg --> sunset.usc.edu /auto/cse06/COCOMOII.1998.0/doc/Usermanual/Figures fig4-2.jpg
98.09.10 19:54 B Z:\cocomoII\Cocomo Online Help\Usermanual\Figures\fig4-3.jpg --> sunset.usc.edu /auto/cse06/COCOMOII.1998.0/doc/Usermanual/Figures fig4-3.jpg
98.09.10 19:54 B Z:\cocomoII\Cocomo Online Help\Usermanual\Figures\fig4-4.jpg --> sunset.usc.edu /auto/cse06/COCOMOII.1998.0/doc/Usermanual/Figures fig4-4.jpg
98.09.10 19:54 B Z:\cocomoII\Cocomo Online Help\Usermanual\Figures\fig4-5.jpg --> sunset.usc.edu /auto/cse06/COCOMOII.1998.0/doc/Usermanual/Figures fig4-5.jpg
98.09.10 19:54 B Z:\cocomoII\Cocomo Online Help\Usermanual\Figures\fig4-6.jpg --> sunset.usc.edu /auto/cse06/COCOMOII.1998.0/doc/Usermanual/Figures fig4-6.jpg
98.09.10 19:54 B Z:\cocomoII\Cocomo Online Help\Usermanual\Figures\fig4-7.jpg --> sunset.usc.edu /auto/cse06/COCOMOII.1998.0/doc/Usermanual/Figures fig4-7.jpg
98.09.10 19:54 B Z:\cocomoII\Cocomo Online Help\Usermanual\Figures\fig4-8.jpg --> sunset.usc.edu /auto/cse06/COCOMOII.1998.0/doc/Usermanual/Figures fig4-8.jpg
98.09.10 19:54 B Z:\cocomoII\Cocomo Online Help\Usermanual\Figures\fig5-1.jpg --> sunset.usc.edu /auto/cse06/COCOMOII.1998.0/doc/Usermanual/Figures fig5-1.jpg
98.09.10 19:54 B Z:\cocomoII\Cocomo Online Help\Usermanual\Figures\fig5-2.jpg --> sunset.usc.edu /auto/cse06/COCOMOII.1998.0/doc/Usermanual/Figures fig5-2.jpg
98.09.10 19:54 B Z:\cocomoII\Cocomo Online Help\Usermanual\Figures\fig5-3.jpg --> sunset.usc.edu /auto/cse06/COCOMOII.1998.0/doc/Usermanual/Figures fig5-3.jpg
98.09.10 19:54 B Z:\cocomoII\Cocomo Online Help\Usermanual\Figures\fig5-4.jpg --> sunset.usc.edu /auto/cse06/COCOMOII.1998.0/doc/Usermanual/Figures fig5-4.jpg
98.09.10 19:54 B Z:\cocomoII\Cocomo Online Help\Usermanual\Figures\fig5-5.jpg --> sunset.usc.edu /auto/cse06/COCOMOII.1998.0/doc/Usermanual/Figures fig5-5.jpg
98.09.10 19:54 B Z:\cocomoII\Cocomo Online Help\Usermanual\Figures\fig5-6.jpg --> sunset.usc.edu /auto/cse06/COCOMOII.1998.0/doc/Usermanual/Figures fig5-6.jpg
98.09.10 19:54 B Z:\cocomoII\Cocomo Online Help\Usermanual\Figures\fig5-7.jpg --> sunset.usc.edu /auto/cse06/COCOMOII.1998.0/doc/Usermanual/Figures fig5-7.jpg
98.09.10 19:54 B Z:\cocomoII\Cocomo Online Help\Usermanual\Figures\fig5-8.jpg --> sunset.usc.edu /auto/cse06/COCOMOII.1998.0/doc/Usermanual/Figures fig5-8.jpg
98.09.10 19:54 B Z:\cocomoII\Cocomo Online Help\Usermanual\Figures\fig6-1 --> sunset.usc.edu /auto/cse06/COCOMOII.1998.0/doc/Usermanual/Figures fig6-1
98.09.10 19:54 B Z:\cocomoII\Cocomo Online Help\Usermanual\Figures\fig6-1.jpg --> sunset.usc.edu /auto/cse06/COCOMOII.1998.0/doc/Usermanual/Figures fig6-1.jpg
98.09.10 19:54 B Z:\cocomoII\Cocomo Online Help\Usermanual\Figures\fig6-10.jpg --> sunset.usc.edu /auto/cse06/COCOMOII.1998.0/doc/Usermanual/Figures fig6-10.jpg
98.09.10 19:54 B Z:\cocomoII\Cocomo Online Help\Usermanual\Figures\fig6-11.jpg --> sunset.usc.edu /auto/cse06/COCOMOII.1998.0/doc/Usermanual/Figures fig6-11.jpg
98.09.10 19:54 B Z:\cocomoII\Cocomo Online Help\Usermanual\Figures\fig6-12.jpg --> sunset.usc.edu /auto/cse06/COCOMOII.1998.0/doc/Usermanual/Figures fig6-12.jpg
98.09.10 19:54 B Z:\cocomoII\Cocomo Online Help\Usermanual\Figures\fig6-13.jpg --> sunset.usc.edu /auto/cse06/COCOMOII.1998.0/doc/Usermanual/Figures fig6-13.jpg
98.09.10 19:54 B Z:\cocomoII\Cocomo Online Help\Usermanual\Figures\fig6-2.jpg --> sunset.usc.edu /auto/cse06/COCOMOII.1998.0/doc/Usermanual/Figures fig6-2.jpg
98.09.10 19:54 B Z:\cocomoII\Cocomo Online Help\Usermanual\Figures\fig6-3.jpg --> sunset.usc.edu /auto/cse06/COCOMOII.1998.0/doc/Usermanual/Figures fig6-3.jpg
98.09.10 19:54 B Z:\cocomoII\Cocomo Online Help\Usermanual\Figures\fig6-4.jpg --> sunset.usc.edu /auto/cse06/COCOMOII.1998.0/doc/Usermanual/Figures fig6-4.jpg
98.09.10 19:54 B Z:\cocomoII\Cocomo Online Help\Usermanual\Figures\fig6-5.jpg --> sunset.usc.edu /auto/cse06/COCOMOII.1998.0/doc/Usermanual/Figures fig6-5.jpg
98.09.10 19:54 B Z:\cocomoII\Cocomo Online Help\Usermanual\Figures\fig6-6.jpg --> sunset.usc.edu /auto/cse06/COCOMOII.1998.0/doc/Usermanual/Figures fig6-6.jpg
98.09.10 19:54 B Z:\cocomoII\Cocomo Online Help\Usermanual\Figures\fig6-7.jpg --> sunset.usc.edu /auto/cse06/COCOMOII.1998.0/doc/Usermanual/Figures fig6-7.jpg
98.09.10 19:54 B Z:\cocomoII\Cocomo Online Help\Usermanual\Figures\fig6-8.jpg --> sunset.usc.edu /auto/cse06/COCOMOII.1998.0/doc/Usermanual/Figures fig6-8.jpg
98.09.10 19:54 B Z:\cocomoII\Cocomo Online Help\Usermanual\Figures\fig6-9.jpg --> sunset.usc.edu /auto/cse06/COCOMOII.1998.0/doc/Usermanual/Figures fig6-9.jpg
98.09.10 19:54 B Z:\cocomoII\Cocomo Online Help\Usermanual\Figures\fig7-1.jpg --> sunset.usc.edu /auto/cse06/COCOMOII.1998.0/doc/Usermanual/Figures fig7-1.jpg
98.09.10 19:54 B Z:\cocomoII\Cocomo Online Help\Usermanual\Figures\fig7-10.jpg --> sunset.usc.edu /auto/cse06/COCOMOII.1998.0/doc/Usermanual/Figures fig7-10.jpg
98.09.10 19:54 B Z:\cocomoII\Cocomo Online Help\Usermanual\Figures\fig7-11.jpg --> sunset.usc.edu /auto/cse06/COCOMOII.1998.0/doc/Usermanual/Figures fig7-11.jpg
98.09.10 19:54 B Z:\cocomoII\Cocomo Online Help\Usermanual\Figures\fig7-12.jpg --> sunset.usc.edu /auto/cse06/COCOMOII.1998.0/doc/Usermanual/Figures fig7-12.jpg
98.09.10 19:54 B Z:\cocomoII\Cocomo Online Help\Usermanual\Figures\fig7-13.jpg --> sunset.usc.edu /auto/cse06/COCOMOII.1998.0/doc/Usermanual/Figures fig7-13.jpg
98.09.10 19:54 B Z:\cocomoII\Cocomo Online Help\Usermanual\Figures\fig7-14..jpg --> sunset.usc.edu /auto/cse06/COCOMOII.1998.0/doc/Usermanual/Figures fig7-14..jpg
98.09.10 19:54 B Z:\cocomoII\Cocomo Online Help\Usermanual\Figures\fig7-14.jpg --> sunset.usc.edu /auto/cse06/COCOMOII.1998.0/doc/Usermanual/Figures fig7-14.jpg
98.09.10 19:54 B Z:\cocomoII\Cocomo Online Help\Usermanual\Figures\fig7-2.jpg --> sunset.usc.edu /auto/cse06/COCOMOII.1998.0/doc/Usermanual/Figures fig7-2.jpg
98.09.10 19:54 B Z:\cocomoII\Cocomo Online Help\Usermanual\Figures\fig7-3.jpg --> sunset.usc.edu /auto/cse06/COCOMOII.1998.0/doc/Usermanual/Figures fig7-3.jpg
98.09.10 19:54 B Z:\cocomoII\Cocomo Online Help\Usermanual\Figures\fig7-4.jpg --> sunset.usc.edu /auto/cse06/COCOMOII.1998.0/doc/Usermanual/Figures fig7-4.jpg
98.09.10 19:54 B Z:\cocomoII\Cocomo Online Help\Usermanual\Figures\fig7-5.jpg --> sunset.usc.edu /auto/cse06/COCOMOII.1998.0/doc/Usermanual/Figures fig7-5.jpg
98.09.10 19:54 B Z:\cocomoII\Cocomo Online Help\Usermanual\Figures\fig7-6.jpg --> sunset.usc.edu /auto/cse06/COCOMOII.1998.0/doc/Usermanual/Figures fig7-6.jpg
98.09.10 19:54 B Z:\cocomoII\Cocomo Online Help\Usermanual\Figures\fig7-7.jpg --> sunset.usc.edu /auto/cse06/COCOMOII.1998.0/doc/Usermanual/Figures fig7-7.jpg
98.09.10 19:54 B Z:\cocomoII\Cocomo Online Help\Usermanual\Figures\fig7-8.jpg --> sunset.usc.edu /auto/cse06/COCOMOII.1998.0/doc/Usermanual/Figures fig7-8.jpg
98.09.10 19:54 B Z:\cocomoII\Cocomo Online Help\Usermanual\Figures\fig7-9.jpg --> sunset.usc.edu /auto/cse06/COCOMOII.1998.0/doc/Usermanual/Figures fig7-9.jpg
98.09.10 19:54 B Z:\cocomoII\Cocomo Online Help\Usermanual\Figures\LVIEWPRO.EXE --> sunset.usc.edu /auto/cse06/COCOMOII.1998.0/doc/Usermanual/Figures LVIEWPRO.EXE
2001.09.05 15:54 B C:\COCOMO\Cocomo Online Help\Usermanual\Figures\WS_FTP.LOG <-- sunset /auto/cse01/keunlee/Cocomo Online Help/Usermanual/Figures WS_FTP.LOG
