98.08.20 15:26 B Z:\cyrus\Cocomo Online Help\Reference\coco01.html --> aludra.usc.edu /auto/home-scf-07/fakharza/public_html/cocomo coco01.html
98.08.20 15:27 B Z:\cyrus\Cocomo Online Help\Reference\coco02.html --> aludra.usc.edu /auto/home-scf-07/fakharza/public_html/cocomo coco02.html
98.08.20 15:27 B Z:\cyrus\Cocomo Online Help\Reference\coco03.html --> aludra.usc.edu /auto/home-scf-07/fakharza/public_html/cocomo coco03.html
98.08.20 15:27 B Z:\cyrus\Cocomo Online Help\Reference\coco04.html --> aludra.usc.edu /auto/home-scf-07/fakharza/public_html/cocomo coco04.html
98.08.20 15:27 B Z:\cyrus\Cocomo Online Help\Reference\coco05.html --> aludra.usc.edu /auto/home-scf-07/fakharza/public_html/cocomo coco05.html
98.08.20 15:27 B Z:\cyrus\Cocomo Online Help\Reference\coco06.html --> aludra.usc.edu /auto/home-scf-07/fakharza/public_html/cocomo coco06.html
98.08.20 15:27 B Z:\cyrus\Cocomo Online Help\Reference\coco07.html --> aludra.usc.edu /auto/home-scf-07/fakharza/public_html/cocomo coco07.html
98.08.20 15:27 B Z:\cyrus\Cocomo Online Help\Reference\cocoappa.html --> aludra.usc.edu /auto/home-scf-07/fakharza/public_html/cocomo cocoappa.html
98.08.20 15:27 B Z:\cyrus\Cocomo Online Help\Reference\cocoappb.html --> aludra.usc.edu /auto/home-scf-07/fakharza/public_html/cocomo cocoappb.html
98.08.20 15:27 B Z:\cyrus\Cocomo Online Help\Reference\cocoref.html --> aludra.usc.edu /auto/home-scf-07/fakharza/public_html/cocomo cocoref.html
98.08.20 15:27 B Z:\cyrus\Cocomo Online Help\Reference\Image1.jpg --> aludra.usc.edu /auto/home-scf-07/fakharza/public_html/cocomo Image1.jpg
98.08.20 15:27 B Z:\cyrus\Cocomo Online Help\Reference\Image10.jpg --> aludra.usc.edu /auto/home-scf-07/fakharza/public_html/cocomo Image10.jpg
98.08.20 15:27 B Z:\cyrus\Cocomo Online Help\Reference\Image11.jpg --> aludra.usc.edu /auto/home-scf-07/fakharza/public_html/cocomo Image11.jpg
98.08.20 15:27 B Z:\cyrus\Cocomo Online Help\Reference\Image12.jpg --> aludra.usc.edu /auto/home-scf-07/fakharza/public_html/cocomo Image12.jpg
98.08.20 15:27 B Z:\cyrus\Cocomo Online Help\Reference\Image13.jpg --> aludra.usc.edu /auto/home-scf-07/fakharza/public_html/cocomo Image13.jpg
98.08.20 15:27 B Z:\cyrus\Cocomo Online Help\Reference\Image14.jpg --> aludra.usc.edu /auto/home-scf-07/fakharza/public_html/cocomo Image14.jpg
98.08.20 15:27 B Z:\cyrus\Cocomo Online Help\Reference\Image15.jpg --> aludra.usc.edu /auto/home-scf-07/fakharza/public_html/cocomo Image15.jpg
98.08.20 15:27 B Z:\cyrus\Cocomo Online Help\Reference\Image16.jpg --> aludra.usc.edu /auto/home-scf-07/fakharza/public_html/cocomo Image16.jpg
98.08.20 15:27 B Z:\cyrus\Cocomo Online Help\Reference\Image17.jpg --> aludra.usc.edu /auto/home-scf-07/fakharza/public_html/cocomo Image17.jpg
98.08.20 15:27 B Z:\cyrus\Cocomo Online Help\Reference\Image18.jpg --> aludra.usc.edu /auto/home-scf-07/fakharza/public_html/cocomo Image18.jpg
98.08.20 15:27 B Z:\cyrus\Cocomo Online Help\Reference\Image19.jpg --> aludra.usc.edu /auto/home-scf-07/fakharza/public_html/cocomo Image19.jpg
98.08.20 15:27 B Z:\cyrus\Cocomo Online Help\Reference\Image2.jpg --> aludra.usc.edu /auto/home-scf-07/fakharza/public_html/cocomo Image2.jpg
98.08.20 15:27 B Z:\cyrus\Cocomo Online Help\Reference\Image20.jpg --> aludra.usc.edu /auto/home-scf-07/fakharza/public_html/cocomo Image20.jpg
98.08.20 15:27 B Z:\cyrus\Cocomo Online Help\Reference\Image21.jpg --> aludra.usc.edu /auto/home-scf-07/fakharza/public_html/cocomo Image21.jpg
98.08.20 15:27 B Z:\cyrus\Cocomo Online Help\Reference\Image22.jpg --> aludra.usc.edu /auto/home-scf-07/fakharza/public_html/cocomo Image22.jpg
98.08.20 15:27 B Z:\cyrus\Cocomo Online Help\Reference\Image23.jpg --> aludra.usc.edu /auto/home-scf-07/fakharza/public_html/cocomo Image23.jpg
98.08.20 15:27 B Z:\cyrus\Cocomo Online Help\Reference\Image24.jpg --> aludra.usc.edu /auto/home-scf-07/fakharza/public_html/cocomo Image24.jpg
98.08.20 15:27 B Z:\cyrus\Cocomo Online Help\Reference\Image25.jpg --> aludra.usc.edu /auto/home-scf-07/fakharza/public_html/cocomo Image25.jpg
98.08.20 15:27 B Z:\cyrus\Cocomo Online Help\Reference\Image26.gif --> aludra.usc.edu /auto/home-scf-07/fakharza/public_html/cocomo Image26.gif
98.08.20 15:27 B Z:\cyrus\Cocomo Online Help\Reference\Image27.jpg --> aludra.usc.edu /auto/home-scf-07/fakharza/public_html/cocomo Image27.jpg
98.08.20 15:27 B Z:\cyrus\Cocomo Online Help\Reference\Image28.jpg --> aludra.usc.edu /auto/home-scf-07/fakharza/public_html/cocomo Image28.jpg
98.08.20 15:27 B Z:\cyrus\Cocomo Online Help\Reference\Image29.jpg --> aludra.usc.edu /auto/home-scf-07/fakharza/public_html/cocomo Image29.jpg
98.08.20 15:27 B Z:\cyrus\Cocomo Online Help\Reference\Image3.jpg --> aludra.usc.edu /auto/home-scf-07/fakharza/public_html/cocomo Image3.jpg
98.08.20 15:27 B Z:\cyrus\Cocomo Online Help\Reference\Image30.jpg --> aludra.usc.edu /auto/home-scf-07/fakharza/public_html/cocomo Image30.jpg
98.08.20 15:27 B Z:\cyrus\Cocomo Online Help\Reference\Image31.jpg --> aludra.usc.edu /auto/home-scf-07/fakharza/public_html/cocomo Image31.jpg
98.08.20 15:27 B Z:\cyrus\Cocomo Online Help\Reference\Image32.jpg --> aludra.usc.edu /auto/home-scf-07/fakharza/public_html/cocomo Image32.jpg
98.08.20 15:27 B Z:\cyrus\Cocomo Online Help\Reference\Image33.jpg --> aludra.usc.edu /auto/home-scf-07/fakharza/public_html/cocomo Image33.jpg
98.08.20 15:27 B Z:\cyrus\Cocomo Online Help\Reference\Image34.jpg --> aludra.usc.edu /auto/home-scf-07/fakharza/public_html/cocomo Image34.jpg
98.08.20 15:27 B Z:\cyrus\Cocomo Online Help\Reference\Image35.jpg --> aludra.usc.edu /auto/home-scf-07/fakharza/public_html/cocomo Image35.jpg
98.08.20 15:27 B Z:\cyrus\Cocomo Online Help\Reference\Image36.jpg --> aludra.usc.edu /auto/home-scf-07/fakharza/public_html/cocomo Image36.jpg
98.08.20 15:27 B Z:\cyrus\Cocomo Online Help\Reference\Image37.jpg --> aludra.usc.edu /auto/home-scf-07/fakharza/public_html/cocomo Image37.jpg
98.08.20 15:27 B Z:\cyrus\Cocomo Online Help\Reference\Image38.jpg --> aludra.usc.edu /auto/home-scf-07/fakharza/public_html/cocomo Image38.jpg
98.08.20 15:27 B Z:\cyrus\Cocomo Online Help\Reference\Image39.jpg --> aludra.usc.edu /auto/home-scf-07/fakharza/public_html/cocomo Image39.jpg
98.08.20 15:27 B Z:\cyrus\Cocomo Online Help\Reference\Image4.jpg --> aludra.usc.edu /auto/home-scf-07/fakharza/public_html/cocomo Image4.jpg
98.08.20 15:28 B Z:\cyrus\Cocomo Online Help\Reference\Image40.jpg --> aludra.usc.edu /auto/home-scf-07/fakharza/public_html/cocomo Image40.jpg
98.08.20 15:28 B Z:\cyrus\Cocomo Online Help\Reference\Image41.jpg --> aludra.usc.edu /auto/home-scf-07/fakharza/public_html/cocomo Image41.jpg
98.08.20 15:28 B Z:\cyrus\Cocomo Online Help\Reference\Image42.jpg --> aludra.usc.edu /auto/home-scf-07/fakharza/public_html/cocomo Image42.jpg
98.08.20 15:28 B Z:\cyrus\Cocomo Online Help\Reference\Image43.jpg --> aludra.usc.edu /auto/home-scf-07/fakharza/public_html/cocomo Image43.jpg
98.08.20 15:28 B Z:\cyrus\Cocomo Online Help\Reference\Image44.jpg --> aludra.usc.edu /auto/home-scf-07/fakharza/public_html/cocomo Image44.jpg
98.08.20 15:28 B Z:\cyrus\Cocomo Online Help\Reference\Image45.jpg --> aludra.usc.edu /auto/home-scf-07/fakharza/public_html/cocomo Image45.jpg
98.08.20 15:28 B Z:\cyrus\Cocomo Online Help\Reference\Image46.jpg --> aludra.usc.edu /auto/home-scf-07/fakharza/public_html/cocomo Image46.jpg
98.08.20 15:28 B Z:\cyrus\Cocomo Online Help\Reference\Image47.jpg --> aludra.usc.edu /auto/home-scf-07/fakharza/public_html/cocomo Image47.jpg
98.08.20 15:28 B Z:\cyrus\Cocomo Online Help\Reference\Image48.jpg --> aludra.usc.edu /auto/home-scf-07/fakharza/public_html/cocomo Image48.jpg
98.08.20 15:28 B Z:\cyrus\Cocomo Online Help\Reference\Image49.jpg --> aludra.usc.edu /auto/home-scf-07/fakharza/public_html/cocomo Image49.jpg
98.08.20 15:28 B Z:\cyrus\Cocomo Online Help\Reference\Image5.jpg --> aludra.usc.edu /auto/home-scf-07/fakharza/public_html/cocomo Image5.jpg
98.08.20 15:28 B Z:\cyrus\Cocomo Online Help\Reference\Image50.jpg --> aludra.usc.edu /auto/home-scf-07/fakharza/public_html/cocomo Image50.jpg
98.08.20 15:28 B Z:\cyrus\Cocomo Online Help\Reference\Image51.jpg --> aludra.usc.edu /auto/home-scf-07/fakharza/public_html/cocomo Image51.jpg
98.08.20 15:28 B Z:\cyrus\Cocomo Online Help\Reference\Image52.jpg --> aludra.usc.edu /auto/home-scf-07/fakharza/public_html/cocomo Image52.jpg
98.08.20 15:28 B Z:\cyrus\Cocomo Online Help\Reference\Image53.jpg --> aludra.usc.edu /auto/home-scf-07/fakharza/public_html/cocomo Image53.jpg
98.08.20 15:28 B Z:\cyrus\Cocomo Online Help\Reference\Image54.jpg --> aludra.usc.edu /auto/home-scf-07/fakharza/public_html/cocomo Image54.jpg
98.08.20 15:28 B Z:\cyrus\Cocomo Online Help\Reference\Image55.jpg --> aludra.usc.edu /auto/home-scf-07/fakharza/public_html/cocomo Image55.jpg
98.08.20 15:28 B Z:\cyrus\Cocomo Online Help\Reference\Image56.jpg --> aludra.usc.edu /auto/home-scf-07/fakharza/public_html/cocomo Image56.jpg
98.08.20 15:28 B Z:\cyrus\Cocomo Online Help\Reference\Image57.jpg --> aludra.usc.edu /auto/home-scf-07/fakharza/public_html/cocomo Image57.jpg
98.08.20 15:28 B Z:\cyrus\Cocomo Online Help\Reference\Image58.jpg --> aludra.usc.edu /auto/home-scf-07/fakharza/public_html/cocomo Image58.jpg
98.08.20 15:28 B Z:\cyrus\Cocomo Online Help\Reference\Image59.jpg --> aludra.usc.edu /auto/home-scf-07/fakharza/public_html/cocomo Image59.jpg
98.08.20 15:28 B Z:\cyrus\Cocomo Online Help\Reference\Image6.jpg --> aludra.usc.edu /auto/home-scf-07/fakharza/public_html/cocomo Image6.jpg
98.08.20 15:28 B Z:\cyrus\Cocomo Online Help\Reference\Image60.jpg --> aludra.usc.edu /auto/home-scf-07/fakharza/public_html/cocomo Image60.jpg
98.08.20 15:28 B Z:\cyrus\Cocomo Online Help\Reference\Image61.jpg --> aludra.usc.edu /auto/home-scf-07/fakharza/public_html/cocomo Image61.jpg
98.08.20 15:28 B Z:\cyrus\Cocomo Online Help\Reference\Image62.jpg --> aludra.usc.edu /auto/home-scf-07/fakharza/public_html/cocomo Image62.jpg
98.08.20 15:28 B Z:\cyrus\Cocomo Online Help\Reference\Image63.jpg --> aludra.usc.edu /auto/home-scf-07/fakharza/public_html/cocomo Image63.jpg
98.08.20 15:28 B Z:\cyrus\Cocomo Online Help\Reference\Image64.jpg --> aludra.usc.edu /auto/home-scf-07/fakharza/public_html/cocomo Image64.jpg
98.08.20 15:28 B Z:\cyrus\Cocomo Online Help\Reference\Image65.jpg --> aludra.usc.edu /auto/home-scf-07/fakharza/public_html/cocomo Image65.jpg
98.08.20 15:28 B Z:\cyrus\Cocomo Online Help\Reference\Image66.jpg --> aludra.usc.edu /auto/home-scf-07/fakharza/public_html/cocomo Image66.jpg
98.08.20 15:28 B Z:\cyrus\Cocomo Online Help\Reference\Image67.jpg --> aludra.usc.edu /auto/home-scf-07/fakharza/public_html/cocomo Image67.jpg
98.08.20 15:28 B Z:\cyrus\Cocomo Online Help\Reference\Image68.jpg --> aludra.usc.edu /auto/home-scf-07/fakharza/public_html/cocomo Image68.jpg
98.08.20 15:28 B Z:\cyrus\Cocomo Online Help\Reference\Image69.jpg --> aludra.usc.edu /auto/home-scf-07/fakharza/public_html/cocomo Image69.jpg
98.08.20 15:28 B Z:\cyrus\Cocomo Online Help\Reference\Image7.jpg --> aludra.usc.edu /auto/home-scf-07/fakharza/public_html/cocomo Image7.jpg
98.08.20 15:28 B Z:\cyrus\Cocomo Online Help\Reference\Image70.jpg --> aludra.usc.edu /auto/home-scf-07/fakharza/public_html/cocomo Image70.jpg
98.08.20 15:28 B Z:\cyrus\Cocomo Online Help\Reference\Image71.jpg --> aludra.usc.edu /auto/home-scf-07/fakharza/public_html/cocomo Image71.jpg
98.08.20 15:28 B Z:\cyrus\Cocomo Online Help\Reference\Image72.jpg --> aludra.usc.edu /auto/home-scf-07/fakharza/public_html/cocomo Image72.jpg
98.08.20 15:28 B Z:\cyrus\Cocomo Online Help\Reference\Image73.jpg --> aludra.usc.edu /auto/home-scf-07/fakharza/public_html/cocomo Image73.jpg
98.08.20 15:28 B Z:\cyrus\Cocomo Online Help\Reference\Image74.jpg --> aludra.usc.edu /auto/home-scf-07/fakharza/public_html/cocomo Image74.jpg
98.08.20 15:28 B Z:\cyrus\Cocomo Online Help\Reference\Image75.jpg --> aludra.usc.edu /auto/home-scf-07/fakharza/public_html/cocomo Image75.jpg
98.08.20 15:28 B Z:\cyrus\Cocomo Online Help\Reference\Image76.jpg --> aludra.usc.edu /auto/home-scf-07/fakharza/public_html/cocomo Image76.jpg
98.08.20 15:28 B Z:\cyrus\Cocomo Online Help\Reference\Image77.jpg --> aludra.usc.edu /auto/home-scf-07/fakharza/public_html/cocomo Image77.jpg
98.08.20 15:28 B Z:\cyrus\Cocomo Online Help\Reference\Image78.jpg --> aludra.usc.edu /auto/home-scf-07/fakharza/public_html/cocomo Image78.jpg
98.08.20 15:28 B Z:\cyrus\Cocomo Online Help\Reference\Image8.jpg --> aludra.usc.edu /auto/home-scf-07/fakharza/public_html/cocomo Image8.jpg
98.08.20 15:28 B Z:\cyrus\Cocomo Online Help\Reference\Image9.jpg --> aludra.usc.edu /auto/home-scf-07/fakharza/public_html/cocomo Image9.jpg
98.08.21 21:35 B Z:\cyrus\Cocomo Online Help\Reference\cocohyperindex.html --> aludra /auto/home-scf-07/fakharza/public_html/cocomo cocohyperindex.html
98.08.24 17:21 B Z:\cyrus\Cocomo Online Help\Reference\coco01.html --> aludra /auto/home-scf-07/fakharza/public_html/cocomohelp/users coco01.html
98.08.24 17:21 B Z:\cyrus\Cocomo Online Help\Reference\coco02.html --> aludra /auto/home-scf-07/fakharza/public_html/cocomohelp/users coco02.html
98.08.24 17:21 B Z:\cyrus\Cocomo Online Help\Reference\coco03.html --> aludra /auto/home-scf-07/fakharza/public_html/cocomohelp/users coco03.html
98.08.24 17:21 B Z:\cyrus\Cocomo Online Help\Reference\coco04.html --> aludra /auto/home-scf-07/fakharza/public_html/cocomohelp/users coco04.html
98.08.24 17:21 B Z:\cyrus\Cocomo Online Help\Reference\coco05.html --> aludra /auto/home-scf-07/fakharza/public_html/cocomohelp/users coco05.html
98.08.24 17:21 B Z:\cyrus\Cocomo Online Help\Reference\coco06.html --> aludra /auto/home-scf-07/fakharza/public_html/cocomohelp/users coco06.html
98.08.24 17:21 B Z:\cyrus\Cocomo Online Help\Reference\coco07.html --> aludra /auto/home-scf-07/fakharza/public_html/cocomohelp/users coco07.html
98.08.24 17:21 B Z:\cyrus\Cocomo Online Help\Reference\cocoappa.html --> aludra /auto/home-scf-07/fakharza/public_html/cocomohelp/users cocoappa.html
98.08.24 17:21 B Z:\cyrus\Cocomo Online Help\Reference\cocoappb.html --> aludra /auto/home-scf-07/fakharza/public_html/cocomohelp/users cocoappb.html
98.08.24 17:21 B Z:\cyrus\Cocomo Online Help\Reference\cocoref.html --> aludra /auto/home-scf-07/fakharza/public_html/cocomohelp/users cocoref.html
98.08.24 17:29 B Z:\cyrus\Cocomo Online Help\Reference\coco03.html --> aludra /auto/home-scf-07/fakharza/public_html/cocomohelp/users coco03.html
98.08.24 17:31 B Z:\cyrus\Cocomo Online Help\Reference\coco07.html --> aludra /auto/home-scf-07/fakharza/public_html/cocomohelp/users coco07.html
98.08.24 17:33 B Z:\cyrus\Cocomo Online Help\Reference\coco07.html --> aludra /auto/home-scf-07/fakharza/public_html/cocomohelp/users coco07.html
98.08.26 17:08 B Z:\cyrus\Cocomo Online Help\Reference\cocohyperindex.htmL --> sunset.usc.edu /auto/cse01/fakharza cocohyperindex.htmL
98.08.26 18:16 B Z:\cyrus\Cocomo Online Help\Reference\cocohyperhelp.html --> sunset.usc.edu /auto/cse01/fakharza cocohyperhelp.html
98.08.26 18:17 B Z:\cyrus\Cocomo Online Help\Reference\cocohyperTOC.html --> sunset.usc.edu /auto/cse01/fakharza cocohyperTOC.html
98.08.26 22:16 B Z:\cyrus\Cocomo Online Help\Reference\cocohyperindex.html --> sunset.usc.edu /auto/cse01/fakharza/HTMLfiles cocohyperindex.html
98.08.26 22:16 B Z:\cyrus\Cocomo Online Help\Reference\cocohyperTOC.html --> sunset.usc.edu /auto/cse01/fakharza/HTMLfiles cocohyperTOC.html
98.08.27 20:56 B Z:\cyrus\Cocomo Online Help\Reference\coco01.html --> aludra /auto/home-scf-07/fakharza/public_html/cocomohelp/model coco01.html
98.08.27 20:56 B Z:\cyrus\Cocomo Online Help\Reference\coco02.html --> aludra /auto/home-scf-07/fakharza/public_html/cocomohelp/model coco02.html
98.08.27 20:56 B Z:\cyrus\Cocomo Online Help\Reference\coco03.html --> aludra /auto/home-scf-07/fakharza/public_html/cocomohelp/model coco03.html
98.08.27 20:56 B Z:\cyrus\Cocomo Online Help\Reference\coco04.html --> aludra /auto/home-scf-07/fakharza/public_html/cocomohelp/model coco04.html
98.08.27 20:56 B Z:\cyrus\Cocomo Online Help\Reference\coco05.html --> aludra /auto/home-scf-07/fakharza/public_html/cocomohelp/model coco05.html
98.08.27 20:56 B Z:\cyrus\Cocomo Online Help\Reference\coco06.html --> aludra /auto/home-scf-07/fakharza/public_html/cocomohelp/model coco06.html
98.08.27 20:56 B Z:\cyrus\Cocomo Online Help\Reference\coco07.html --> aludra /auto/home-scf-07/fakharza/public_html/cocomohelp/model coco07.html
98.08.27 20:56 B Z:\cyrus\Cocomo Online Help\Reference\cocoappa.html --> aludra /auto/home-scf-07/fakharza/public_html/cocomohelp/model cocoappa.html
98.08.27 20:56 B Z:\cyrus\Cocomo Online Help\Reference\cocoappb.html --> aludra /auto/home-scf-07/fakharza/public_html/cocomohelp/model cocoappb.html
98.08.27 20:56 B Z:\cyrus\Cocomo Online Help\Reference\cocohyperindex.html --> aludra /auto/home-scf-07/fakharza/public_html/cocomohelp/model cocohyperindex.html
98.08.27 20:56 B Z:\cyrus\Cocomo Online Help\Reference\cocohyperTOC.html --> aludra /auto/home-scf-07/fakharza/public_html/cocomohelp/model cocohyperTOC.html
98.08.27 20:57 B Z:\cyrus\Cocomo Online Help\Reference\coco01.html --> aludra /auto/home-scf-07/fakharza/public_html/cocomohelp/users coco01.html
98.08.27 20:57 B Z:\cyrus\Cocomo Online Help\Reference\coco02.html --> aludra /auto/home-scf-07/fakharza/public_html/cocomohelp/users coco02.html
98.08.27 20:57 B Z:\cyrus\Cocomo Online Help\Reference\coco03.html --> aludra /auto/home-scf-07/fakharza/public_html/cocomohelp/users coco03.html
98.08.27 20:57 B Z:\cyrus\Cocomo Online Help\Reference\coco04.html --> aludra /auto/home-scf-07/fakharza/public_html/cocomohelp/users coco04.html
98.08.27 20:57 B Z:\cyrus\Cocomo Online Help\Reference\coco05.html --> aludra /auto/home-scf-07/fakharza/public_html/cocomohelp/users coco05.html
98.08.27 20:57 B Z:\cyrus\Cocomo Online Help\Reference\coco06.html --> aludra /auto/home-scf-07/fakharza/public_html/cocomohelp/users coco06.html
98.08.27 20:57 B Z:\cyrus\Cocomo Online Help\Reference\coco07.html --> aludra /auto/home-scf-07/fakharza/public_html/cocomohelp/users coco07.html
98.08.27 20:57 B Z:\cyrus\Cocomo Online Help\Reference\cocoappa.html --> aludra /auto/home-scf-07/fakharza/public_html/cocomohelp/users cocoappa.html
98.08.27 20:57 B Z:\cyrus\Cocomo Online Help\Reference\cocoappb.html --> aludra /auto/home-scf-07/fakharza/public_html/cocomohelp/users cocoappb.html
98.08.27 20:57 B Z:\cyrus\Cocomo Online Help\Reference\cocohyperindex.html --> aludra /auto/home-scf-07/fakharza/public_html/cocomohelp/users cocohyperindex.html
98.08.27 20:57 B Z:\cyrus\Cocomo Online Help\Reference\cocohyperTOC.html --> aludra /auto/home-scf-07/fakharza/public_html/cocomohelp/users cocohyperTOC.html
98.08.27 20:57 B Z:\cyrus\Cocomo Online Help\Reference\cocoref.html --> aludra /auto/home-scf-07/fakharza/public_html/cocomohelp/users cocoref.html
98.08.27 21:15 B Z:\cyrus\Cocomo Online Help\Reference\cocohyperindex.html --> aludra /auto/home-scf-07/fakharza/public_html/cocomohelp/users cocohyperindex.html
98.08.27 21:22 B Z:\cyrus\Cocomo Online Help\Reference\cocohyperTOC.html --> aludra /auto/home-scf-07/fakharza/public_html/cocomohelp/users cocohyperTOC.html
98.08.29 20:34 B Z:\cyrus\Cocomo Online Help\Reference\cocohyperTOC.html --> aludra /auto/home-scf-07/fakharza/public_html/cocomohelp/model cocohyperTOC.html
98.08.29 20:34 B Z:\cyrus\Cocomo Online Help\Reference\cocohyperTOC.html --> aludra /auto/home-scf-07/fakharza/public_html/cocomohelp/users cocohyperTOC.html
98.08.29 20:34 B Z:\cyrus\Cocomo Online Help\Reference\cocohyperindex.html --> aludra /auto/home-scf-07/fakharza/public_html/cocomohelp/users cocohyperindex.html
98.08.31 21:18 B Z:\cyrus\Cocomo Online Help\Usermanual\coco01.html --> aludra /auto/home-scf-07/fakharza/public_html/cocomohelp/Usermanual coco01.html
98.08.31 21:18 B Z:\cyrus\Cocomo Online Help\Usermanual\coco02.html --> aludra /auto/home-scf-07/fakharza/public_html/cocomohelp/Usermanual coco02.html
98.08.31 21:18 B Z:\cyrus\Cocomo Online Help\Usermanual\coco03.html --> aludra /auto/home-scf-07/fakharza/public_html/cocomohelp/Usermanual coco03.html
98.08.31 21:18 B Z:\cyrus\Cocomo Online Help\Usermanual\coco04.html --> aludra /auto/home-scf-07/fakharza/public_html/cocomohelp/Usermanual coco04.html
98.08.31 21:18 B Z:\cyrus\Cocomo Online Help\Usermanual\coco05.html --> aludra /auto/home-scf-07/fakharza/public_html/cocomohelp/Usermanual coco05.html
98.08.31 21:18 B Z:\cyrus\Cocomo Online Help\Usermanual\coco06.html --> aludra /auto/home-scf-07/fakharza/public_html/cocomohelp/Usermanual coco06.html
98.08.31 21:18 B Z:\cyrus\Cocomo Online Help\Usermanual\coco07.html --> aludra /auto/home-scf-07/fakharza/public_html/cocomohelp/Usermanual coco07.html
98.08.31 21:18 B Z:\cyrus\Cocomo Online Help\Usermanual\cocoappb.html --> aludra /auto/home-scf-07/fakharza/public_html/cocomohelp/Usermanual cocoappb.html
98.08.31 21:18 B Z:\cyrus\Cocomo Online Help\Usermanual\cocohyperTOC.html --> aludra /auto/home-scf-07/fakharza/public_html/cocomohelp/Usermanual cocohyperTOC.html
98.08.31 21:18 B Z:\cyrus\Cocomo Online Help\Usermanual\fig1-1.jpg --> aludra /auto/home-scf-07/fakharza/public_html/cocomohelp/Usermanual fig1-1.jpg
98.08.31 21:18 B Z:\cyrus\Cocomo Online Help\Usermanual\fig1-3b.jpg --> aludra /auto/home-scf-07/fakharza/public_html/cocomohelp/Usermanual fig1-3b.jpg
98.09.06 13:38 B Z:\cyrus\Cocomo Online Help\Usermanual\coco01.html --> aludra /auto/home-scf-07/fakharza/public_html/cocomohelp/Usermanual coco01.html
98.09.06 13:38 B Z:\cyrus\Cocomo Online Help\Usermanual\coco02.html --> aludra /auto/home-scf-07/fakharza/public_html/cocomohelp/Usermanual coco02.html
98.09.06 13:38 B Z:\cyrus\Cocomo Online Help\Usermanual\coco03.html --> aludra /auto/home-scf-07/fakharza/public_html/cocomohelp/Usermanual coco03.html
98.09.06 13:38 B Z:\cyrus\Cocomo Online Help\Usermanual\coco04.html --> aludra /auto/home-scf-07/fakharza/public_html/cocomohelp/Usermanual coco04.html
98.09.06 13:38 B Z:\cyrus\Cocomo Online Help\Usermanual\coco05.html --> aludra /auto/home-scf-07/fakharza/public_html/cocomohelp/Usermanual coco05.html
98.09.06 13:38 B Z:\cyrus\Cocomo Online Help\Usermanual\coco06.html --> aludra /auto/home-scf-07/fakharza/public_html/cocomohelp/Usermanual coco06.html
98.09.06 13:38 B Z:\cyrus\Cocomo Online Help\Usermanual\coco07.html --> aludra /auto/home-scf-07/fakharza/public_html/cocomohelp/Usermanual coco07.html
98.09.06 13:38 B Z:\cyrus\Cocomo Online Help\Usermanual\cocoappa.html --> aludra /auto/home-scf-07/fakharza/public_html/cocomohelp/Usermanual cocoappa.html
98.09.06 13:38 B Z:\cyrus\Cocomo Online Help\Usermanual\cocoappb.html --> aludra /auto/home-scf-07/fakharza/public_html/cocomohelp/Usermanual cocoappb.html
98.09.06 13:38 B Z:\cyrus\Cocomo Online Help\Usermanual\cocohyperindex.html --> aludra /auto/home-scf-07/fakharza/public_html/cocomohelp/Usermanual cocohyperindex.html
98.09.06 13:38 B Z:\cyrus\Cocomo Online Help\Usermanual\cocohyperTOC.html --> aludra /auto/home-scf-07/fakharza/public_html/cocomohelp/Usermanual cocohyperTOC.html
98.09.06 13:38 B Z:\cyrus\Cocomo Online Help\Usermanual\cocoref.html --> aludra /auto/home-scf-07/fakharza/public_html/cocomohelp/Usermanual cocoref.html
98.09.09 21:37 B Z:\cyrus\Cocomo Online Help\Usermanual\cocohyperindex.html --> aludra /auto/home-scf-07/fakharza/public_html/cocomohelp/Usermanual cocohyperindex.html
98.09.09 21:45 B Z:\cyrus\Cocomo Online Help\Usermanual\cocohyperindex.html --> aludra /auto/home-scf-07/fakharza/public_html/cocomohelp/Usermanual cocohyperindex.html
99.02.05 11:32 B z:\cocomoII\Cocomo Online Help\Usermanual\appbindex.doc --> sunset.usc.edu /auto/cse06/COCOMOII.1999.0/doc/online_help/Usermanual appbindex.doc
99.02.05 11:32 B z:\cocomoII\Cocomo Online Help\Usermanual\ch1index.doc --> sunset.usc.edu /auto/cse06/COCOMOII.1999.0/doc/online_help/Usermanual ch1index.doc
99.02.05 11:32 B z:\cocomoII\Cocomo Online Help\Usermanual\ch2index.doc --> sunset.usc.edu /auto/cse06/COCOMOII.1999.0/doc/online_help/Usermanual ch2index.doc
99.02.05 11:32 B z:\cocomoII\Cocomo Online Help\Usermanual\ch3index.doc --> sunset.usc.edu /auto/cse06/COCOMOII.1999.0/doc/online_help/Usermanual ch3index.doc
99.02.05 11:32 B z:\cocomoII\Cocomo Online Help\Usermanual\ch4index.doc --> sunset.usc.edu /auto/cse06/COCOMOII.1999.0/doc/online_help/Usermanual ch4index.doc
99.02.05 11:32 B z:\cocomoII\Cocomo Online Help\Usermanual\ch5index.doc --> sunset.usc.edu /auto/cse06/COCOMOII.1999.0/doc/online_help/Usermanual ch5index.doc
99.02.05 11:32 B z:\cocomoII\Cocomo Online Help\Usermanual\ch6index.doc --> sunset.usc.edu /auto/cse06/COCOMOII.1999.0/doc/online_help/Usermanual ch6index.doc
99.02.05 11:32 B z:\cocomoII\Cocomo Online Help\Usermanual\ch7index.doc --> sunset.usc.edu /auto/cse06/COCOMOII.1999.0/doc/online_help/Usermanual ch7index.doc
99.02.05 11:32 B z:\cocomoII\Cocomo Online Help\Usermanual\coco01.doc --> sunset.usc.edu /auto/cse06/COCOMOII.1999.0/doc/online_help/Usermanual coco01.doc
99.02.05 11:32 B z:\cocomoII\Cocomo Online Help\Usermanual\coco02.doc --> sunset.usc.edu /auto/cse06/COCOMOII.1999.0/doc/online_help/Usermanual coco02.doc
99.02.05 11:32 B z:\cocomoII\Cocomo Online Help\Usermanual\coco03.doc --> sunset.usc.edu /auto/cse06/COCOMOII.1999.0/doc/online_help/Usermanual coco03.doc
99.02.05 11:32 B z:\cocomoII\Cocomo Online Help\Usermanual\coco04.doc --> sunset.usc.edu /auto/cse06/COCOMOII.1999.0/doc/online_help/Usermanual coco04.doc
99.02.05 11:32 B z:\cocomoII\Cocomo Online Help\Usermanual\coco05.doc --> sunset.usc.edu /auto/cse06/COCOMOII.1999.0/doc/online_help/Usermanual coco05.doc
99.02.05 11:32 B z:\cocomoII\Cocomo Online Help\Usermanual\coco06.doc --> sunset.usc.edu /auto/cse06/COCOMOII.1999.0/doc/online_help/Usermanual coco06.doc
99.02.05 11:32 B z:\cocomoII\Cocomo Online Help\Usermanual\coco07.doc --> sunset.usc.edu /auto/cse06/COCOMOII.1999.0/doc/online_help/Usermanual coco07.doc
99.02.05 11:32 B z:\cocomoII\Cocomo Online Help\Usermanual\cocoappa.doc --> sunset.usc.edu /auto/cse06/COCOMOII.1999.0/doc/online_help/Usermanual cocoappa.doc
99.02.05 11:32 B z:\cocomoII\Cocomo Online Help\Usermanual\cocoappb.doc --> sunset.usc.edu /auto/cse06/COCOMOII.1999.0/doc/online_help/Usermanual cocoappb.doc
99.02.05 11:32 B z:\cocomoII\Cocomo Online Help\Usermanual\cococover.doc --> sunset.usc.edu /auto/cse06/COCOMOII.1999.0/doc/online_help/Usermanual cococover.doc
99.02.05 11:32 B z:\cocomoII\Cocomo Online Help\Usermanual\cococoverIX.doc --> sunset.usc.edu /auto/cse06/COCOMOII.1999.0/doc/online_help/Usermanual cococoverIX.doc
99.02.05 11:32 B z:\cocomoII\Cocomo Online Help\Usermanual\cocohyperhelp2.doc --> sunset.usc.edu /auto/cse06/COCOMOII.1999.0/doc/online_help/Usermanual cocohyperhelp2.doc
99.02.05 11:32 B z:\cocomoII\Cocomo Online Help\Usermanual\cocohyperindex.doc --> sunset.usc.edu /auto/cse06/COCOMOII.1999.0/doc/online_help/Usermanual cocohyperindex.doc
99.02.05 11:32 B z:\cocomoII\Cocomo Online Help\Usermanual\cocohyperTOC.doc --> sunset.usc.edu /auto/cse06/COCOMOII.1999.0/doc/online_help/Usermanual cocohyperTOC.doc
99.02.05 11:32 B z:\cocomoII\Cocomo Online Help\Usermanual\cocomoTOC.doc --> sunset.usc.edu /auto/cse06/COCOMOII.1999.0/doc/online_help/Usermanual cocomoTOC.doc
99.02.05 11:32 B z:\cocomoII\Cocomo Online Help\Usermanual\cocoref.doc --> sunset.usc.edu /auto/cse06/COCOMOII.1999.0/doc/online_help/Usermanual cocoref.doc
99.02.05 11:32 B z:\cocomoII\Cocomo Online Help\Usermanual\cocoTOC95.doc --> sunset.usc.edu /auto/cse06/COCOMOII.1999.0/doc/online_help/Usermanual cocoTOC95.doc
2001.09.05 15:55 B C:\COCOMO\Cocomo Online Help\Usermanual\WS_FTP.LOG <-- sunset /auto/cse01/keunlee/Cocomo Online Help/Usermanual WS_FTP.LOG
2001.09.05 15:55 B C:\COCOMO\Cocomo Online Help\Usermanual\~WRL0714.tmp <-- sunset /auto/cse01/keunlee/Cocomo Online Help/Usermanual ~WRL0714.tmp
2001.09.05 15:55 B C:\COCOMO\Cocomo Online Help\Usermanual\~WRL0820.tmp <-- sunset /auto/cse01/keunlee/Cocomo Online Help/Usermanual ~WRL0820.tmp
2001.09.05 15:55 B C:\COCOMO\Cocomo Online Help\Usermanual\~WRL1020.tmp <-- sunset /auto/cse01/keunlee/Cocomo Online Help/Usermanual ~WRL1020.tmp
2001.09.05 15:55 B C:\COCOMO\Cocomo Online Help\Usermanual\~WRL1110.tmp <-- sunset /auto/cse01/keunlee/Cocomo Online Help/Usermanual ~WRL1110.tmp
2001.09.05 15:55 B C:\COCOMO\Cocomo Online Help\Usermanual\~WRL1123.tmp <-- sunset /auto/cse01/keunlee/Cocomo Online Help/Usermanual ~WRL1123.tmp
2001.09.05 15:55 B C:\COCOMO\Cocomo Online Help\Usermanual\~WRL1378.tmp <-- sunset /auto/cse01/keunlee/Cocomo Online Help/Usermanual ~WRL1378.tmp
2001.09.05 15:55 B C:\COCOMO\Cocomo Online Help\Usermanual\~WRL1651.tmp <-- sunset /auto/cse01/keunlee/Cocomo Online Help/Usermanual ~WRL1651.tmp
2001.09.05 15:55 B C:\COCOMO\Cocomo Online Help\Usermanual\~WRL1948.tmp <-- sunset /auto/cse01/keunlee/Cocomo Online Help/Usermanual ~WRL1948.tmp
2001.09.05 15:55 B C:\COCOMO\Cocomo Online Help\Usermanual\~WRL1975.tmp <-- sunset /auto/cse01/keunlee/Cocomo Online Help/Usermanual ~WRL1975.tmp
2001.09.05 15:55 B C:\COCOMO\Cocomo Online Help\Usermanual\~WRL2346.tmp <-- sunset /auto/cse01/keunlee/Cocomo Online Help/Usermanual ~WRL2346.tmp
