98.07.27 15:54 B E:\cyrus\Cocomo Online Help\Ch2&3\Ch2_980220.fm --> aludra.usc.edu /auto/home-scf-07/fakharza Ch2_980220.fm
98.07.27 15:54 B E:\cyrus\Cocomo Online Help\Ch2&3\Ch3_980220.fm --> aludra.usc.edu /auto/home-scf-07/fakharza Ch3_980220.fm
98.07.29 15:26 B Z:\cyrus\Cocomo Online Help\Ch2&3\Ch2_980220.doc --> sunset.usc.edu /auto/cse01/fakharza/ch2&3 Ch2_980220.doc
98.07.29 15:26 B Z:\cyrus\Cocomo Online Help\Ch2&3\Ch3_980220.doc --> sunset.usc.edu /auto/cse01/fakharza/ch2&3 Ch3_980220.doc
98.08.10 21:58 B Z:\cyrus\Cocomo Online Help\Ch2&3\Ch2_980220.doc --> 128.125.3.9 /auto/cse01/fakharza/ch2and3 Ch2_980220.doc
98.08.10 21:58 B Z:\cyrus\Cocomo Online Help\Ch2&3\Ch3_980220.doc --> 128.125.3.9 /auto/cse01/fakharza/ch2and3 Ch3_980220.doc
98.08.15 16:21 B Z:\cyrus\Cocomo Online Help\Ch2&3\Ch2_980220.fm --> 128.125.3.9 /auto/cse01/fakharza Ch2_980220.fm
98.08.15 16:21 B Z:\cyrus\Cocomo Online Help\Ch2&3\Ch3_980220.fm --> 128.125.3.9 /auto/cse01/fakharza Ch3_980220.fm
98.08.20 18:00 B Z:\cyrus\Cocomo Online Help\Ch2&3\Ch3_980220.doc --> 128.125.3.9 /auto/cse01/fakharza/ch2and3 Ch3_980220.doc
98.08.20 18:00 B Z:\cyrus\Cocomo Online Help\Ch2&3\Ch2_980220.doc --> 128.125.3.9 /auto/cse01/fakharza/ch2and3 Ch2_980220.doc
98.08.20 18:00 B Z:\cyrus\Cocomo Online Help\Ch2&3\Ch3_980220.doc --> 128.125.3.9 /auto/cse01/fakharza/ch2and3 Ch3_980220.doc
98.08.21 10:06 B Z:\cyrus\Cocomo Online Help\Ch2&3\Ch3_980220.doc <-- 128.125.3.9 /auto/cse01/fakharza/ch2and3 Ch3_980220.doc
98.08.21 11:52 B Z:\cyrus\Cocomo Online Help\Ch2&3\ModelPartI.doc --> 128.125.3.9 /auto/cse01/fakharza/ch2and3 ModelPartI.doc
98.08.21 11:52 B Z:\cyrus\Cocomo Online Help\Ch2&3\ModelPartII.doc --> 128.125.3.9 /auto/cse01/fakharza/ch2and3 ModelPartII.doc
98.08.21 21:36 B Z:\cyrus\Cocomo Online Help\Ch2&3\Image10.jpg --> aludra /auto/home-scf-07/fakharza/public_html/cocomo/modelmanual Image10.jpg
98.08.21 21:36 B Z:\cyrus\Cocomo Online Help\Ch2&3\Image11.jpg --> aludra /auto/home-scf-07/fakharza/public_html/cocomo/modelmanual Image11.jpg
98.08.21 21:36 B Z:\cyrus\Cocomo Online Help\Ch2&3\Image12.jpg --> aludra /auto/home-scf-07/fakharza/public_html/cocomo/modelmanual Image12.jpg
98.08.21 21:36 B Z:\cyrus\Cocomo Online Help\Ch2&3\Image13.jpg --> aludra /auto/home-scf-07/fakharza/public_html/cocomo/modelmanual Image13.jpg
98.08.21 21:36 B Z:\cyrus\Cocomo Online Help\Ch2&3\Image14.jpg --> aludra /auto/home-scf-07/fakharza/public_html/cocomo/modelmanual Image14.jpg
98.08.21 21:36 B Z:\cyrus\Cocomo Online Help\Ch2&3\Image15.jpg --> aludra /auto/home-scf-07/fakharza/public_html/cocomo/modelmanual Image15.jpg
98.08.21 21:36 B Z:\cyrus\Cocomo Online Help\Ch2&3\Image16.jpg --> aludra /auto/home-scf-07/fakharza/public_html/cocomo/modelmanual Image16.jpg
98.08.21 21:36 B Z:\cyrus\Cocomo Online Help\Ch2&3\Image17.jpg --> aludra /auto/home-scf-07/fakharza/public_html/cocomo/modelmanual Image17.jpg
98.08.21 21:36 B Z:\cyrus\Cocomo Online Help\Ch2&3\Image18.jpg --> aludra /auto/home-scf-07/fakharza/public_html/cocomo/modelmanual Image18.jpg
98.08.21 21:36 B Z:\cyrus\Cocomo Online Help\Ch2&3\Image19.jpg --> aludra /auto/home-scf-07/fakharza/public_html/cocomo/modelmanual Image19.jpg
98.08.21 21:36 B Z:\cyrus\Cocomo Online Help\Ch2&3\Image20.jpg --> aludra /auto/home-scf-07/fakharza/public_html/cocomo/modelmanual Image20.jpg
98.08.21 21:36 B Z:\cyrus\Cocomo Online Help\Ch2&3\Image21.jpg --> aludra /auto/home-scf-07/fakharza/public_html/cocomo/modelmanual Image21.jpg
98.08.21 21:36 B Z:\cyrus\Cocomo Online Help\Ch2&3\Image22.jpg --> aludra /auto/home-scf-07/fakharza/public_html/cocomo/modelmanual Image22.jpg
98.08.21 21:36 B Z:\cyrus\Cocomo Online Help\Ch2&3\Image23.jpg --> aludra /auto/home-scf-07/fakharza/public_html/cocomo/modelmanual Image23.jpg
98.08.21 21:36 B Z:\cyrus\Cocomo Online Help\Ch2&3\Image24.jpg --> aludra /auto/home-scf-07/fakharza/public_html/cocomo/modelmanual Image24.jpg
98.08.21 21:36 B Z:\cyrus\Cocomo Online Help\Ch2&3\Image25.jpg --> aludra /auto/home-scf-07/fakharza/public_html/cocomo/modelmanual Image25.jpg
98.08.21 21:36 B Z:\cyrus\Cocomo Online Help\Ch2&3\Image26.jpg --> aludra /auto/home-scf-07/fakharza/public_html/cocomo/modelmanual Image26.jpg
98.08.21 21:36 B Z:\cyrus\Cocomo Online Help\Ch2&3\Image27.jpg --> aludra /auto/home-scf-07/fakharza/public_html/cocomo/modelmanual Image27.jpg
98.08.21 21:36 B Z:\cyrus\Cocomo Online Help\Ch2&3\Image28.jpg --> aludra /auto/home-scf-07/fakharza/public_html/cocomo/modelmanual Image28.jpg
98.08.21 21:36 B Z:\cyrus\Cocomo Online Help\Ch2&3\Image29.jpg --> aludra /auto/home-scf-07/fakharza/public_html/cocomo/modelmanual Image29.jpg
98.08.21 21:36 B Z:\cyrus\Cocomo Online Help\Ch2&3\Image6.jpg --> aludra /auto/home-scf-07/fakharza/public_html/cocomo/modelmanual Image6.jpg
98.08.21 21:36 B Z:\cyrus\Cocomo Online Help\Ch2&3\Image7.gif --> aludra /auto/home-scf-07/fakharza/public_html/cocomo/modelmanual Image7.gif
98.08.21 21:36 B Z:\cyrus\Cocomo Online Help\Ch2&3\Image7.jpg --> aludra /auto/home-scf-07/fakharza/public_html/cocomo/modelmanual Image7.jpg
98.08.21 21:36 B Z:\cyrus\Cocomo Online Help\Ch2&3\Image8.gif --> aludra /auto/home-scf-07/fakharza/public_html/cocomo/modelmanual Image8.gif
98.08.21 21:36 B Z:\cyrus\Cocomo Online Help\Ch2&3\Image8.jpg --> aludra /auto/home-scf-07/fakharza/public_html/cocomo/modelmanual Image8.jpg
98.08.21 21:36 B Z:\cyrus\Cocomo Online Help\Ch2&3\Image9.jpg --> aludra /auto/home-scf-07/fakharza/public_html/cocomo/modelmanual Image9.jpg
98.08.21 21:37 B Z:\cyrus\Cocomo Online Help\Ch2&3\ModelIndex.html --> aludra /auto/home-scf-07/fakharza/public_html/cocomo/modelmanual ModelIndex.html
98.08.21 21:37 B Z:\cyrus\Cocomo Online Help\Ch2&3\ModelPartI.html --> aludra /auto/home-scf-07/fakharza/public_html/cocomo/modelmanual ModelPartI.html
98.08.21 21:37 B Z:\cyrus\Cocomo Online Help\Ch2&3\ModelPartII.html --> aludra /auto/home-scf-07/fakharza/public_html/cocomo/modelmanual ModelPartII.html
98.08.21 21:37 B Z:\cyrus\Cocomo Online Help\Ch2&3\ModelTOC.html --> aludra /auto/home-scf-07/fakharza/public_html/cocomo/modelmanual ModelTOC.html
98.08.21 21:45 B Z:\cyrus\Cocomo Online Help\Ch2and3\Ch2_980220.fm --> sunset.usc.edu /auto/cse01/fakharza/ch2and3 Ch2_980220.fm
98.08.21 21:45 B Z:\cyrus\Cocomo Online Help\Ch2and3\Ch3_980220.fm --> sunset.usc.edu /auto/cse01/fakharza/ch2and3 Ch3_980220.fm
98.08.21 21:45 B Z:\cyrus\Cocomo Online Help\Ch2and3\Image10.jpg --> sunset.usc.edu /auto/cse01/fakharza/ch2and3 Image10.jpg
98.08.21 21:45 B Z:\cyrus\Cocomo Online Help\Ch2and3\Image11.jpg --> sunset.usc.edu /auto/cse01/fakharza/ch2and3 Image11.jpg
98.08.21 21:45 B Z:\cyrus\Cocomo Online Help\Ch2and3\Image12.jpg --> sunset.usc.edu /auto/cse01/fakharza/ch2and3 Image12.jpg
98.08.21 21:45 B Z:\cyrus\Cocomo Online Help\Ch2and3\Image13.jpg --> sunset.usc.edu /auto/cse01/fakharza/ch2and3 Image13.jpg
98.08.21 21:45 B Z:\cyrus\Cocomo Online Help\Ch2and3\Image14.jpg --> sunset.usc.edu /auto/cse01/fakharza/ch2and3 Image14.jpg
98.08.21 21:45 B Z:\cyrus\Cocomo Online Help\Ch2and3\Image15.jpg --> sunset.usc.edu /auto/cse01/fakharza/ch2and3 Image15.jpg
98.08.21 21:45 B Z:\cyrus\Cocomo Online Help\Ch2and3\Image16.jpg --> sunset.usc.edu /auto/cse01/fakharza/ch2and3 Image16.jpg
98.08.21 21:45 B Z:\cyrus\Cocomo Online Help\Ch2and3\Image17.jpg --> sunset.usc.edu /auto/cse01/fakharza/ch2and3 Image17.jpg
98.08.21 21:45 B Z:\cyrus\Cocomo Online Help\Ch2and3\Image18.jpg --> sunset.usc.edu /auto/cse01/fakharza/ch2and3 Image18.jpg
98.08.21 21:45 B Z:\cyrus\Cocomo Online Help\Ch2and3\Image19.jpg --> sunset.usc.edu /auto/cse01/fakharza/ch2and3 Image19.jpg
98.08.21 21:45 B Z:\cyrus\Cocomo Online Help\Ch2and3\Image20.jpg --> sunset.usc.edu /auto/cse01/fakharza/ch2and3 Image20.jpg
98.08.21 21:45 B Z:\cyrus\Cocomo Online Help\Ch2and3\Image21.jpg --> sunset.usc.edu /auto/cse01/fakharza/ch2and3 Image21.jpg
98.08.21 21:45 B Z:\cyrus\Cocomo Online Help\Ch2and3\Image22.jpg --> sunset.usc.edu /auto/cse01/fakharza/ch2and3 Image22.jpg
98.08.21 21:45 B Z:\cyrus\Cocomo Online Help\Ch2and3\Image23.jpg --> sunset.usc.edu /auto/cse01/fakharza/ch2and3 Image23.jpg
98.08.21 21:45 B Z:\cyrus\Cocomo Online Help\Ch2and3\Image24.jpg --> sunset.usc.edu /auto/cse01/fakharza/ch2and3 Image24.jpg
98.08.21 21:45 B Z:\cyrus\Cocomo Online Help\Ch2and3\Image25.jpg --> sunset.usc.edu /auto/cse01/fakharza/ch2and3 Image25.jpg
98.08.21 21:45 B Z:\cyrus\Cocomo Online Help\Ch2and3\Image26.jpg --> sunset.usc.edu /auto/cse01/fakharza/ch2and3 Image26.jpg
98.08.21 21:45 B Z:\cyrus\Cocomo Online Help\Ch2and3\Image27.jpg --> sunset.usc.edu /auto/cse01/fakharza/ch2and3 Image27.jpg
98.08.21 21:45 B Z:\cyrus\Cocomo Online Help\Ch2and3\Image28.jpg --> sunset.usc.edu /auto/cse01/fakharza/ch2and3 Image28.jpg
98.08.21 21:45 B Z:\cyrus\Cocomo Online Help\Ch2and3\Image29.jpg --> sunset.usc.edu /auto/cse01/fakharza/ch2and3 Image29.jpg
98.08.21 21:45 B Z:\cyrus\Cocomo Online Help\Ch2and3\Image6.jpg --> sunset.usc.edu /auto/cse01/fakharza/ch2and3 Image6.jpg
98.08.21 21:45 B Z:\cyrus\Cocomo Online Help\Ch2and3\Image7.gif --> sunset.usc.edu /auto/cse01/fakharza/ch2and3 Image7.gif
98.08.21 21:45 B Z:\cyrus\Cocomo Online Help\Ch2and3\Image7.jpg --> sunset.usc.edu /auto/cse01/fakharza/ch2and3 Image7.jpg
98.08.21 21:45 B Z:\cyrus\Cocomo Online Help\Ch2and3\Image8.gif --> sunset.usc.edu /auto/cse01/fakharza/ch2and3 Image8.gif
98.08.21 21:45 B Z:\cyrus\Cocomo Online Help\Ch2and3\Image8.jpg --> sunset.usc.edu /auto/cse01/fakharza/ch2and3 Image8.jpg
98.08.21 21:45 B Z:\cyrus\Cocomo Online Help\Ch2and3\Image9.jpg --> sunset.usc.edu /auto/cse01/fakharza/ch2and3 Image9.jpg
98.08.21 21:45 B Z:\cyrus\Cocomo Online Help\Ch2and3\ModelIndex.doc --> sunset.usc.edu /auto/cse01/fakharza/ch2and3 ModelIndex.doc
98.08.21 21:45 B Z:\cyrus\Cocomo Online Help\Ch2and3\ModelIndex.html --> sunset.usc.edu /auto/cse01/fakharza/ch2and3 ModelIndex.html
98.08.21 21:45 B Z:\cyrus\Cocomo Online Help\Ch2and3\ModelPartI.doc --> sunset.usc.edu /auto/cse01/fakharza/ch2and3 ModelPartI.doc
98.08.21 21:45 B Z:\cyrus\Cocomo Online Help\Ch2and3\ModelPartI.html --> sunset.usc.edu /auto/cse01/fakharza/ch2and3 ModelPartI.html
98.08.21 21:45 B Z:\cyrus\Cocomo Online Help\Ch2and3\ModelPartII.doc --> sunset.usc.edu /auto/cse01/fakharza/ch2and3 ModelPartII.doc
98.08.21 21:45 B Z:\cyrus\Cocomo Online Help\Ch2and3\ModelPartII.html --> sunset.usc.edu /auto/cse01/fakharza/ch2and3 ModelPartII.html
98.08.21 21:45 B Z:\cyrus\Cocomo Online Help\Ch2and3\ModelTOC.doc --> sunset.usc.edu /auto/cse01/fakharza/ch2and3 ModelTOC.doc
98.08.21 21:45 B Z:\cyrus\Cocomo Online Help\Ch2and3\ModelTOC.html --> sunset.usc.edu /auto/cse01/fakharza/ch2and3 ModelTOC.html
98.08.24 17:21 B Z:\cyrus\Cocomo Online Help\Ch2and3\ModelPartI.html --> aludra /auto/home-scf-07/fakharza/public_html/cocomohelp/model ModelPartI.html
98.08.24 17:21 B Z:\cyrus\Cocomo Online Help\Ch2and3\ModelPartII.html --> aludra /auto/home-scf-07/fakharza/public_html/cocomohelp/model ModelPartII.html
98.08.24 17:24 B Z:\cyrus\Cocomo Online Help\Ch2and3\figI-1.jpg --> aludra /auto/home-scf-07/fakharza/public_html/cocomohelp/model figI-1.jpg
98.08.24 17:24 B Z:\cyrus\Cocomo Online Help\Ch2and3\figII-1.jpg --> aludra /auto/home-scf-07/fakharza/public_html/cocomohelp/model figII-1.jpg
98.08.24 17:24 B Z:\cyrus\Cocomo Online Help\Ch2and3\figII-2.jpg --> aludra /auto/home-scf-07/fakharza/public_html/cocomohelp/model figII-2.jpg
98.08.24 17:26 B Z:\cyrus\Cocomo Online Help\Ch2and3\ModelTOC.html --> aludra /auto/home-scf-07/fakharza/public_html/cocomohelp/model ModelTOC.html
98.08.26 18:17 B Z:\cyrus\Cocomo Online Help\Ch2and3\ModelIndex.html --> sunset.usc.edu /auto/cse01/fakharza ModelIndex.html
98.08.26 18:18 B Z:\cyrus\Cocomo Online Help\Ch2and3\ModelTOC.html --> sunset.usc.edu /auto/cse01/fakharza ModelTOC.html
98.08.26 22:16 B Z:\cyrus\Cocomo Online Help\Ch2and3\ModelIndex.html --> sunset.usc.edu /auto/cse01/fakharza/HTMLfiles ModelIndex.html
98.08.26 22:16 B Z:\cyrus\Cocomo Online Help\Ch2and3\ModelPartII.html --> sunset.usc.edu /auto/cse01/fakharza/HTMLfiles ModelPartII.html
98.08.26 22:16 B Z:\cyrus\Cocomo Online Help\Ch2and3\ModelTOC.html --> sunset.usc.edu /auto/cse01/fakharza/HTMLfiles ModelTOC.html
98.08.27 20:56 B Z:\cyrus\Cocomo Online Help\Ch2and3\ModelIndex.html --> aludra /auto/home-scf-07/fakharza/public_html/cocomohelp/model ModelIndex.html
98.08.27 20:56 B Z:\cyrus\Cocomo Online Help\Ch2and3\ModelPartII.html --> aludra /auto/home-scf-07/fakharza/public_html/cocomohelp/model ModelPartII.html
98.08.27 20:56 B Z:\cyrus\Cocomo Online Help\Ch2and3\ModelTOC.html --> aludra /auto/home-scf-07/fakharza/public_html/cocomohelp/model ModelTOC.html
98.08.27 21:20 B Z:\cyrus\Cocomo Online Help\Ch2and3\ModelTOC.html --> aludra /auto/home-scf-07/fakharza/public_html/cocomohelp/model ModelTOC.html
98.08.29 11:28 B Z:\cyrus\Cocomo Online Help\Ch2and3\UntitledFrameSet1.html <-- sunset /auto/cse01/fakharza UntitledFrameSet1.html
98.08.29 20:35 B Z:\cyrus\Cocomo Online Help\Ch2and3\ModelIndex.html --> aludra /auto/home-scf-07/fakharza/public_html/cocomohelp/model ModelIndex.html
98.08.29 20:35 B Z:\cyrus\Cocomo Online Help\Ch2and3\ModelTOC.html --> aludra /auto/home-scf-07/fakharza/public_html/cocomohelp/model ModelTOC.html
98.08.31 12:05 B Z:\cyrus\Cocomo Online Help\Model\ModelPartII.html --> aludra.usc.edu /auto/home-scf-07/fakharza/public_html/cocomohelp/Model ModelPartII.html
98.08.31 12:06 B Z:\cyrus\Cocomo Online Help\Model\ModelPartII.doc --> 128.125.3.9 /auto/cse01/fakharza ModelPartII.doc
98.08.31 12:06 B Z:\cyrus\Cocomo Online Help\Model\ModelPartII.html --> 128.125.3.9 /auto/cse01/fakharza ModelPartII.html
98.09.06 13:39 B Z:\cyrus\Cocomo Online Help\Model\ModelHyperIndex.html --> aludra /auto/home-scf-07/fakharza/public_html/cocomohelp/Model ModelHyperIndex.html
98.09.06 13:39 B Z:\cyrus\Cocomo Online Help\Model\ModelHyperTOC.html --> aludra /auto/home-scf-07/fakharza/public_html/cocomohelp/Model ModelHyperTOC.html
98.09.06 13:43 B Z:\cyrus\Cocomo Online Help\Model\ModelHyperIndex.html --> aludra /auto/home-scf-07/fakharza/public_html/cocomohelp/Model ModelHyperIndex.html
98.09.09 21:36 B Z:\cyrus\Cocomo Online Help\Model\Imag10.jpg --> aludra /auto/home-scf-07/fakharza/public_html/cocomohelp/Model Imag10.jpg
98.09.09 21:36 B Z:\cyrus\Cocomo Online Help\Model\Imag11.jpg --> aludra /auto/home-scf-07/fakharza/public_html/cocomohelp/Model Imag11.jpg
98.09.09 21:36 B Z:\cyrus\Cocomo Online Help\Model\Imag12.jpg --> aludra /auto/home-scf-07/fakharza/public_html/cocomohelp/Model Imag12.jpg
98.09.09 21:36 B Z:\cyrus\Cocomo Online Help\Model\Imag13.jpg --> aludra /auto/home-scf-07/fakharza/public_html/cocomohelp/Model Imag13.jpg
98.09.09 21:36 B Z:\cyrus\Cocomo Online Help\Model\Imag14.jpg --> aludra /auto/home-scf-07/fakharza/public_html/cocomohelp/Model Imag14.jpg
98.09.09 21:36 B Z:\cyrus\Cocomo Online Help\Model\Imag15.jpg --> aludra /auto/home-scf-07/fakharza/public_html/cocomohelp/Model Imag15.jpg
98.09.09 21:36 B Z:\cyrus\Cocomo Online Help\Model\Imag16.jpg --> aludra /auto/home-scf-07/fakharza/public_html/cocomohelp/Model Imag16.jpg
98.09.09 21:36 B Z:\cyrus\Cocomo Online Help\Model\Imag17.jpg --> aludra /auto/home-scf-07/fakharza/public_html/cocomohelp/Model Imag17.jpg
98.09.09 21:36 B Z:\cyrus\Cocomo Online Help\Model\Imag18.jpg --> aludra /auto/home-scf-07/fakharza/public_html/cocomohelp/Model Imag18.jpg
98.09.09 21:36 B Z:\cyrus\Cocomo Online Help\Model\Imag19.jpg --> aludra /auto/home-scf-07/fakharza/public_html/cocomohelp/Model Imag19.jpg
98.09.09 21:36 B Z:\cyrus\Cocomo Online Help\Model\Imag20.jpg --> aludra /auto/home-scf-07/fakharza/public_html/cocomohelp/Model Imag20.jpg
98.09.09 21:36 B Z:\cyrus\Cocomo Online Help\Model\Imag21.jpg --> aludra /auto/home-scf-07/fakharza/public_html/cocomohelp/Model Imag21.jpg
98.09.09 21:36 B Z:\cyrus\Cocomo Online Help\Model\Imag22.jpg --> aludra /auto/home-scf-07/fakharza/public_html/cocomohelp/Model Imag22.jpg
98.09.09 21:36 B Z:\cyrus\Cocomo Online Help\Model\Imag23.jpg --> aludra /auto/home-scf-07/fakharza/public_html/cocomohelp/Model Imag23.jpg
98.09.09 21:36 B Z:\cyrus\Cocomo Online Help\Model\Imag24.jpg --> aludra /auto/home-scf-07/fakharza/public_html/cocomohelp/Model Imag24.jpg
98.09.09 21:36 B Z:\cyrus\Cocomo Online Help\Model\Imag25.jpg --> aludra /auto/home-scf-07/fakharza/public_html/cocomohelp/Model Imag25.jpg
98.09.09 21:36 B Z:\cyrus\Cocomo Online Help\Model\Imag26.jpg --> aludra /auto/home-scf-07/fakharza/public_html/cocomohelp/Model Imag26.jpg
98.09.09 21:36 B Z:\cyrus\Cocomo Online Help\Model\Imag27.jpg --> aludra /auto/home-scf-07/fakharza/public_html/cocomohelp/Model Imag27.jpg
98.09.09 21:36 B Z:\cyrus\Cocomo Online Help\Model\Imag28.jpg --> aludra /auto/home-scf-07/fakharza/public_html/cocomohelp/Model Imag28.jpg
98.09.09 21:36 B Z:\cyrus\Cocomo Online Help\Model\Imag29.jpg --> aludra /auto/home-scf-07/fakharza/public_html/cocomohelp/Model Imag29.jpg
98.09.09 21:36 B Z:\cyrus\Cocomo Online Help\Model\Imag6.jpg --> aludra /auto/home-scf-07/fakharza/public_html/cocomohelp/Model Imag6.jpg
98.09.09 21:36 B Z:\cyrus\Cocomo Online Help\Model\Imag7.gif --> aludra /auto/home-scf-07/fakharza/public_html/cocomohelp/Model Imag7.gif
98.09.09 21:36 B Z:\cyrus\Cocomo Online Help\Model\Imag7.jpg --> aludra /auto/home-scf-07/fakharza/public_html/cocomohelp/Model Imag7.jpg
98.09.09 21:36 B Z:\cyrus\Cocomo Online Help\Model\Imag8.gif --> aludra /auto/home-scf-07/fakharza/public_html/cocomohelp/Model Imag8.gif
98.09.09 21:36 B Z:\cyrus\Cocomo Online Help\Model\Imag8.jpg --> aludra /auto/home-scf-07/fakharza/public_html/cocomohelp/Model Imag8.jpg
98.09.09 21:36 B Z:\cyrus\Cocomo Online Help\Model\Imag9.jpg --> aludra /auto/home-scf-07/fakharza/public_html/cocomohelp/Model Imag9.jpg
98.09.09 21:36 B Z:\cyrus\Cocomo Online Help\Model\ModelIndex.html --> aludra /auto/home-scf-07/fakharza/public_html/cocomohelp/Model ModelIndex.html
98.09.09 21:37 B Z:\cyrus\Cocomo Online Help\Model\ModelPartI.html --> aludra /auto/home-scf-07/fakharza/public_html/cocomohelp/Model ModelPartI.html
98.09.09 21:37 B Z:\cyrus\Cocomo Online Help\Model\ModelPartII.html --> aludra /auto/home-scf-07/fakharza/public_html/cocomohelp/Model ModelPartII.html
98.09.09 21:45 B Z:\cyrus\Cocomo Online Help\Model\ModelIndex.html --> aludra /auto/home-scf-07/fakharza/public_html/cocomohelp/Model ModelIndex.html
99.02.05 11:31 B z:\cocomoII\Cocomo Online Help\Model\ModelHyperIndex.doc --> sunset.usc.edu /auto/cse06/COCOMOII.1999.0/doc/online_help/Model ModelHyperIndex.doc
99.02.05 11:31 B z:\cocomoII\Cocomo Online Help\Model\ModelHyperTOC.doc --> sunset.usc.edu /auto/cse06/COCOMOII.1999.0/doc/online_help/Model ModelHyperTOC.doc
99.02.05 11:31 B z:\cocomoII\Cocomo Online Help\Model\ModelIndex.doc --> sunset.usc.edu /auto/cse06/COCOMOII.1999.0/doc/online_help/Model ModelIndex.doc
99.02.05 11:31 B z:\cocomoII\Cocomo Online Help\Model\ModelPartI.doc --> sunset.usc.edu /auto/cse06/COCOMOII.1999.0/doc/online_help/Model ModelPartI.doc
99.02.05 11:31 B z:\cocomoII\Cocomo Online Help\Model\ModelPartII.doc --> sunset.usc.edu /auto/cse06/COCOMOII.1999.0/doc/online_help/Model ModelPartII.doc
99.02.05 11:31 B z:\cocomoII\Cocomo Online Help\Model\ModelPartIIIndex.doc --> sunset.usc.edu /auto/cse06/COCOMOII.1999.0/doc/online_help/Model ModelPartIIIndex.doc
99.02.05 11:31 B z:\cocomoII\Cocomo Online Help\Model\ModelPartIIndex.doc --> sunset.usc.edu /auto/cse06/COCOMOII.1999.0/doc/online_help/Model ModelPartIIndex.doc
99.02.05 11:31 B z:\cocomoII\Cocomo Online Help\Model\ModelTOC.doc --> sunset.usc.edu /auto/cse06/COCOMOII.1999.0/doc/online_help/Model ModelTOC.doc
99.02.05 11:31 B z:\cocomoII\Cocomo Online Help\Model\ModelTOC95.doc --> sunset.usc.edu /auto/cse06/COCOMOII.1999.0/doc/online_help/Model ModelTOC95.doc
2001.09.05 15:53 B C:\COCOMO\Cocomo Online Help\Model\WS_FTP.LOG <-- sunset /auto/cse01/keunlee/Cocomo Online Help/Model WS_FTP.LOG
